<?xml version="1.0" encoding="UTF-8"?>
<!-- Generated by org.testng.reporters.JUnitXMLReporter -->
<testsuite ignored="0" hostname="DESKTOP-B51MS8E" failures="1" tests="1" name="Default test(failed)" time="4.196" errors="0" timestamp="2021-05-13T15:55:10 CDT">
  <testcase classname="seesion4_Testing.Exercise_TestNG" name="loginTest" time="1.551">
    <failure type="java.lang.AssertionError" message="Wrong page!! expected [Dashoboard] but found [Dashboard- iBilling]">
      <![CDATA[java.lang.AssertionError: Wrong page!! expected [Dashoboard] but found [Dashboard- iBilling]
at seesion4_Testing.Exercise_TestNG.loginTest(Exercise_TestNG.java:82)
at java.base/java.util.ArrayList.forEach(ArrayList.java:1511)
... Removed 32 stack frames]]>
    </failure>
  </testcase> <!-- loginTest -->
</testsuite> <!-- Default test(failed) -->
